<?xml version="1.0" encoding="UTF-8"?>
<!-- Generated by org.testng.reporters.JUnitReportReporter -->
<testsuite hostname="LAPTOP-QU4IRHFP" failures="0" tests="1" name="variousConcepts.LearnTestNG" time="11.838" errors="0" timestamp="2021-02-04T13:42:25 EST" skipped="0">
  <testcase classname="variousConcepts.LearnTestNG" name="loginTestA" time="11.838"/>
  <system-out/>
</testsuite> <!-- variousConcepts.LearnTestNG -->
